This is pdfTeX, Version 3.14159265-2.6-1.40.20 (MiKTeX 2.9.7050 64-bit) (preloaded format=pdflatex 2019.7.24)  24 AUG 2019 12:51
entering extended mode
**./card2.tex
(card2.tex
LaTeX2e <2018-12-01>
! Undefined control sequence.
l.1 \section
            {–†–µ–Ω—Ç–≥–µ–Ω–æ–≤—Å–∫–∏–µ –∏ –Ω–µ–π—Ç—Ä–æ–Ω–Ω—ã–µ –º–µ—Ç–æ–¥—ã...
The control sequence at the end of the top line
of your error message was never \def'ed. If you have
misspelled it (e.g., `\hobx'), type `I' and the correct
spelling (e.g., `I\hbox'). Otherwise just continue,
and I'll forget about whatever was undefined.


! Package inputenc Error: Unicode character –† (U+0420)
(inputenc)                not set up for use with LaTeX.

See the inputenc package documentation for explanation.
Type  H <return>  for immediate help.
 ...                                              
                                                  
l.1 \section{–†
               –µ–Ω—Ç–≥–µ–Ω–æ–≤—Å–∫–∏–µ –∏ –Ω–µ–π—Ç—Ä–æ–Ω–Ω—ã–µ –º–µ—Ç–æ–¥—ã...

You may provide a definition with
\DeclareUnicodeCharacter 


! Package inputenc Error: Unicode character –µ (U+0435)
(inputenc)                not set up for use with LaTeX.

See the inputenc package documentation for explanation.
Type  H <return>  for immediate help.
 ...                                              
                                                  
l.1 \section{–†–µ
                 –Ω—Ç–≥–µ–Ω–æ–≤—Å–∫–∏–µ –∏ –Ω–µ–π—Ç—Ä–æ–Ω–Ω—ã–µ –º–µ—Ç–æ–¥—ã...

You may provide a definition with
\DeclareUnicodeCharacter 


! Package inputenc Error: Unicode character –Ω (U+043D)
(inputenc)                not set up for use with LaTeX.

See the inputenc package documentation for explanation.
Type  H <return>  for immediate help.
 ...                                              
                                                  
l.1 \section{–†–µ–Ω
                   —Ç–≥–µ–Ω–æ–≤—Å–∫–∏–µ –∏ –Ω–µ–π—Ç—Ä–æ–Ω–Ω—ã–µ –º–µ—Ç–æ–¥—ã...

You may provide a definition with
\DeclareUnicodeCharacter 


! Package inputenc Error: Unicode character —Ç (U+0442)
(inputenc)                not set up for use with LaTeX.

See the inputenc package documentation for explanation.
Type  H <return>  for immediate help.
 ...                                              
                                                  
l.1 \section{–†–µ–Ω—Ç
                     –≥–µ–Ω–æ–≤—Å–∫–∏–µ –∏ –Ω–µ–π—Ç—Ä–æ–Ω–Ω—ã–µ –º–µ—Ç–æ–¥—ã...

You may provide a definition with
\DeclareUnicodeCharacter 


! Package inputenc Error: Unicode character –≥ (U+0433)
(inputenc)                not set up for use with LaTeX.

See the inputenc package documentation for explanation.
Type  H <return>  for immediate help.
 ...                                              
                                                  
l.1 \section{–†–µ–Ω—Ç–≥
                       –µ–Ω–æ–≤—Å–∫–∏–µ –∏ –Ω–µ–π—Ç—Ä–æ–Ω–Ω—ã–µ –º–µ—Ç–æ–¥—ã...

You may provide a definition with
\DeclareUnicodeCharacter 


! Package inputenc Error: Unicode character –µ (U+0435)
(inputenc)                not set up for use with LaTeX.

See the inputenc package documentation for explanation.
Type  H <return>  for immediate help.
 ...                                              
                                                  
l.1 \section{–†–µ–Ω—Ç–≥–µ
                         –Ω–æ–≤—Å–∫–∏–µ –∏ –Ω–µ–π—Ç—Ä–æ–Ω–Ω—ã–µ –º–µ—Ç–æ–¥—ã...

You may provide a definition with
\DeclareUnicodeCharacter 


! Package inputenc Error: Unicode character –Ω (U+043D)
(inputenc)                not set up for use with LaTeX.

See the inputenc package documentation for explanation.
Type  H <return>  for immediate help.
 ...                                              
                                                  
l.1 \section{–†–µ–Ω—Ç–≥–µ–Ω
                           –æ–≤—Å–∫–∏–µ –∏ –Ω–µ–π—Ç—Ä–æ–Ω–Ω—ã–µ –º–µ—Ç–æ–¥—ã...

You may provide a definition with
\DeclareUnicodeCharacter 


! Package inputenc Error: Unicode character –æ (U+043E)
(inputenc)                not set up for use with LaTeX.

See the inputenc package documentation for explanation.
Type  H <return>  for immediate help.
 ...                                              
                                                  
l.1 \section{–†–µ–Ω—Ç–≥–µ–Ω–æ
                             –≤—Å–∫–∏–µ –∏ –Ω–µ–π—Ç—Ä–æ–Ω–Ω—ã–µ –º–µ—Ç–æ–¥—ã...

You may provide a definition with
\DeclareUnicodeCharacter 


! Package inputenc Error: Unicode character –≤ (U+0432)
(inputenc)                not set up for use with LaTeX.

See the inputenc package documentation for explanation.
Type  H <return>  for immediate help.
 ...                                              
                                                  
l.1 \section{–†–µ–Ω—Ç–≥–µ–Ω–æ–≤
                               —Å–∫–∏–µ –∏ –Ω–µ–π—Ç—Ä–æ–Ω–Ω—ã–µ –º–µ—Ç–æ–¥—ã...

You may provide a definition with
\DeclareUnicodeCharacter 


! Package inputenc Error: Unicode character —Å (U+0441)
(inputenc)                not set up for use with LaTeX.

See the inputenc package documentation for explanation.
Type  H <return>  for immediate help.
 ...                                              
                                                  
l.1 \section{–†–µ–Ω—Ç–≥–µ–Ω–æ–≤—Å
                                 –∫–∏–µ –∏ –Ω–µ–π—Ç—Ä–æ–Ω–Ω—ã–µ –º–µ—Ç–æ–¥—ã...

You may provide a definition with
\DeclareUnicodeCharacter 


! Package inputenc Error: Unicode character –∫ (U+043A)
(inputenc)                not set up for use with LaTeX.

See the inputenc package documentation for explanation.
Type  H <return>  for immediate help.
 ...                                              
                                                  
l.1 \section{–†–µ–Ω—Ç–≥–µ–Ω–æ–≤—Å–∫
                                   –∏–µ –∏ –Ω–µ–π—Ç—Ä–æ–Ω–Ω—ã–µ –º–µ—Ç–æ–¥—ã...

You may provide a definition with
\DeclareUnicodeCharacter 


! Package inputenc Error: Unicode character –∏ (U+0438)
(inputenc)                not set up for use with LaTeX.

See the inputenc package documentation for explanation.
Type  H <return>  for immediate help.
 ...                                              
                                                  
l.1 \section{–†–µ–Ω—Ç–≥–µ–Ω–æ–≤—Å–∫–∏
                                     –µ –∏ –Ω–µ–π—Ç—Ä–æ–Ω–Ω—ã–µ –º–µ—Ç–æ–¥—ã...

You may provide a definition with
\DeclareUnicodeCharacter 


! Package inputenc Error: Unicode character –µ (U+0435)
(inputenc)                not set up for use with LaTeX.

See the inputenc package documentation for explanation.
Type  H <return>  for immediate help.
 ...                                              
                                                  
l.1 \section{–†–µ–Ω—Ç–≥–µ–Ω–æ–≤—Å–∫–∏–µ
                                        –∏ –Ω–µ–π—Ç—Ä–æ–Ω–Ω—ã–µ –º–µ—Ç–æ–¥—ã...

You may provide a definition with
\DeclareUnicodeCharacter 


! Package inputenc Error: Unicode character –∏ (U+0438)
(inputenc)                not set up for use with LaTeX.

See the inputenc package documentation for explanation.
Type  H <return>  for immediate help.
 ...                                              
                                                  
l.1 \section{–†–µ–Ω—Ç–≥–µ–Ω–æ–≤—Å–∫–∏–µ –∏
                                           –Ω–µ–π—Ç—Ä–æ–Ω–Ω—ã–µ –º–µ—Ç–æ–¥—ã...

You may provide a definition with
\DeclareUnicodeCharacter 


! Package inputenc Error: Unicode character –Ω (U+043D)
(inputenc)                not set up for use with LaTeX.

See the inputenc package documentation for explanation.
Type  H <return>  for immediate help.
 ...                                              
                                                  
l.1 \section{–†–µ–Ω—Ç–≥–µ–Ω–æ–≤—Å–∫–∏–µ –∏ –Ω
                                             –µ–π—Ç—Ä–æ–Ω–Ω—ã–µ –º–µ—Ç–æ–¥—ã...

You may provide a definition with
\DeclareUnicodeCharacter 


! Package inputenc Error: Unicode character –µ (U+0435)
(inputenc)                not set up for use with LaTeX.

See the inputenc package documentation for explanation.
Type  H <return>  for immediate help.
 ...                                              
                                                  
l.1 \section{–†–µ–Ω—Ç–≥–µ–Ω–æ–≤—Å–∫–∏–µ –∏ –Ω–µ
                                               –π—Ç—Ä–æ–Ω–Ω—ã–µ –º–µ—Ç–æ–¥—ã...

You may provide a definition with
\DeclareUnicodeCharacter 


! Package inputenc Error: Unicode character –π (U+0439)
(inputenc)                not set up for use with LaTeX.

See the inputenc package documentation for explanation.
Type  H <return>  for immediate help.
 ...                                              
                                                  
l.1 \section{–†–µ–Ω—Ç–≥–µ–Ω–æ–≤—Å–∫–∏–µ –∏ –Ω–µ–π
                                                 —Ç—Ä–æ–Ω–Ω—ã–µ –º–µ—Ç–æ–¥—ã...

You may provide a definition with
\DeclareUnicodeCharacter 


! Package inputenc Error: Unicode character —Ç (U+0442)
(inputenc)                not set up for use with LaTeX.

See the inputenc package documentation for explanation.
Type  H <return>  for immediate help.
 ...                                              
                                                  
l.1 ...tion{–†–µ–Ω—Ç–≥–µ–Ω–æ–≤—Å–∫–∏–µ –∏ –Ω–µ–π—Ç
                                                  —Ä–æ–Ω–Ω—ã–µ –º–µ—Ç–æ–¥—ã ...

You may provide a definition with
\DeclareUnicodeCharacter 


! Package inputenc Error: Unicode character —Ä (U+0440)
(inputenc)                not set up for use with LaTeX.

See the inputenc package documentation for explanation.
Type  H <return>  for immediate help.
 ...                                              
                                                  
l.1 ...on{–†–µ–Ω—Ç–≥–µ–Ω–æ–≤—Å–∫–∏–µ –∏ –Ω–µ–π—Ç—Ä
                                                  –æ–Ω–Ω—ã–µ –º–µ—Ç–æ–¥—ã –∏...

You may provide a definition with
\DeclareUnicodeCharacter 


! Package inputenc Error: Unicode character –æ (U+043E)
(inputenc)                not set up for use with LaTeX.

See the inputenc package documentation for explanation.
Type  H <return>  for immediate help.
 ...                                              
                                                  
l.1 ...{–†–µ–Ω—Ç–≥–µ–Ω–æ–≤—Å–∫–∏–µ –∏ –Ω–µ–π—Ç—Ä–æ
                                                  –Ω–Ω—ã–µ –º–µ—Ç–æ–¥—ã –∏—Å...

You may provide a definition with
\DeclareUnicodeCharacter 


! Package inputenc Error: Unicode character –Ω (U+043D)
(inputenc)                not set up for use with LaTeX.

See the inputenc package documentation for explanation.
Type  H <return>  for immediate help.
 ...                                              
                                                  
l.1 ...†–µ–Ω—Ç–≥–µ–Ω–æ–≤—Å–∫–∏–µ –∏ –Ω–µ–π—Ç—Ä–æ–Ω
                                                  –Ω—ã–µ –º–µ—Ç–æ–¥—ã –∏—Å—Å...

You may provide a definition with
\DeclareUnicodeCharacter 


! Package inputenc Error: Unicode character –Ω (U+043D)
(inputenc)                not set up for use with LaTeX.

See the inputenc package documentation for explanation.
Type  H <return>  for immediate help.
 ...                                              
                                                  
l.1 ...µ–Ω—Ç–≥–µ–Ω–æ–≤—Å–∫–∏–µ –∏ –Ω–µ–π—Ç—Ä–æ–Ω–Ω
                                                  —ã–µ –º–µ—Ç–æ–¥—ã –∏—Å—Å–ª...

You may provide a definition with
\DeclareUnicodeCharacter 


! Package inputenc Error: Unicode character —ã (U+044B)
(inputenc)                not set up for use with LaTeX.

See the inputenc package documentation for explanation.
Type  H <return>  for immediate help.
 ...                                              
                                                  
l.1 ...Ω—Ç–≥–µ–Ω–æ–≤—Å–∫–∏–µ –∏ –Ω–µ–π—Ç—Ä–æ–Ω–Ω—ã
                                                  –µ –º–µ—Ç–æ–¥—ã –∏—Å—Å–ª–µ...

You may provide a definition with
\DeclareUnicodeCharacter 


! Package inputenc Error: Unicode character –µ (U+0435)
(inputenc)                not set up for use with LaTeX.

See the inputenc package documentation for explanation.
Type  H <return>  for immediate help.
 ...                                              
                                                  
l.1 ...Ç–≥–µ–Ω–æ–≤—Å–∫–∏–µ –∏ –Ω–µ–π—Ç—Ä–æ–Ω–Ω—ã–µ
                                                   –º–µ—Ç–æ–¥—ã –∏—Å—Å–ª–µ–¥...

You may provide a definition with
\DeclareUnicodeCharacter 


! Package inputenc Error: Unicode character –º (U+043C)
(inputenc)                not set up for use with LaTeX.

See the inputenc package documentation for explanation.
Type  H <return>  for immediate help.
 ...                                              
                                                  
l.1 ...–µ–Ω–æ–≤—Å–∫–∏–µ –∏ –Ω–µ–π—Ç—Ä–æ–Ω–Ω—ã–µ –º
                                                  –µ—Ç–æ–¥—ã –∏—Å—Å–ª–µ–¥–æ–...

You may provide a definition with
\DeclareUnicodeCharacter 


! Package inputenc Error: Unicode character –µ (U+0435)
(inputenc)                not set up for use with LaTeX.

See the inputenc package documentation for explanation.
Type  H <return>  for immediate help.
 ...                                              
                                                  
l.1 ...–Ω–æ–≤—Å–∫–∏–µ –∏ –Ω–µ–π—Ç—Ä–æ–Ω–Ω—ã–µ –º–µ
                                                  —Ç–æ–¥—ã –∏—Å—Å–ª–µ–¥–æ–≤–...

You may provide a definition with
\DeclareUnicodeCharacter 


! Package inputenc Error: Unicode character —Ç (U+0442)
(inputenc)                not set up for use with LaTeX.

See the inputenc package documentation for explanation.
Type  H <return>  for immediate help.
 ...                                              
                                                  
l.1 ...–æ–≤—Å–∫–∏–µ –∏ –Ω–µ–π—Ç—Ä–æ–Ω–Ω—ã–µ –º–µ—Ç
                                                  –æ–¥—ã –∏—Å—Å–ª–µ–¥–æ–≤–∞–...

You may provide a definition with
\DeclareUnicodeCharacter 


! Package inputenc Error: Unicode character –æ (U+043E)
(inputenc)                not set up for use with LaTeX.

See the inputenc package documentation for explanation.
Type  H <return>  for immediate help.
 ...                                              
                                                  
l.1 ...–≤—Å–∫–∏–µ –∏ –Ω–µ–π—Ç—Ä–æ–Ω–Ω—ã–µ –º–µ—Ç–æ
                                                  –¥—ã –∏—Å—Å–ª–µ–¥–æ–≤–∞–Ω–...

You may provide a definition with
\DeclareUnicodeCharacter 


! Package inputenc Error: Unicode character –¥ (U+0434)
(inputenc)                not set up for use with LaTeX.

See the inputenc package documentation for explanation.
Type  H <return>  for immediate help.
 ...                                              
                                                  
l.1 ...—Å–∫–∏–µ –∏ –Ω–µ–π—Ç—Ä–æ–Ω–Ω—ã–µ –º–µ—Ç–æ–¥
                                                  —ã –∏—Å—Å–ª–µ–¥–æ–≤–∞–Ω–∏—...

You may provide a definition with
\DeclareUnicodeCharacter 


! Package inputenc Error: Unicode character —ã (U+044B)
(inputenc)                not set up for use with LaTeX.

See the inputenc package documentation for explanation.
Type  H <return>  for immediate help.
 ...                                              
                                                  
l.1 ...–∫–∏–µ –∏ –Ω–µ–π—Ç—Ä–æ–Ω–Ω—ã–µ –º–µ—Ç–æ–¥—ã
                                                   –∏—Å—Å–ª–µ–¥–æ–≤–∞–Ω–∏—è ...

You may provide a definition with
\DeclareUnicodeCharacter 


! Package inputenc Error: Unicode character –∏ (U+0438)
(inputenc)                not set up for use with LaTeX.

See the inputenc package documentation for explanation.
Type  H <return>  for immediate help.
 ...                                              
                                                  
l.1 ...∏–µ –∏ –Ω–µ–π—Ç—Ä–æ–Ω–Ω—ã–µ –º–µ—Ç–æ–¥—ã –∏
                                                  —Å—Å–ª–µ–¥–æ–≤–∞–Ω–∏—è –∫—...

You may provide a definition with
\DeclareUnicodeCharacter 


! Package inputenc Error: Unicode character —Å (U+0441)
(inputenc)                not set up for use with LaTeX.

See the inputenc package documentation for explanation.
Type  H <return>  for immediate help.
 ...                                              
                                                  
l.1 ...µ –∏ –Ω–µ–π—Ç—Ä–æ–Ω–Ω—ã–µ –º–µ—Ç–æ–¥—ã –∏—Å
                                                  —Å–ª–µ–¥–æ–≤–∞–Ω–∏—è –∫—Ä–...

You may provide a definition with
\DeclareUnicodeCharacter 


! Package inputenc Error: Unicode character —Å (U+0441)
(inputenc)                not set up for use with LaTeX.

See the inputenc package documentation for explanation.
Type  H <return>  for immediate help.
 ...                                              
                                                  
l.1 ...–∏ –Ω–µ–π—Ç—Ä–æ–Ω–Ω—ã–µ –º–µ—Ç–æ–¥—ã –∏—Å—Å
                                                  –ª–µ–¥–æ–≤–∞–Ω–∏—è –∫—Ä–∏—...

You may provide a definition with
\DeclareUnicodeCharacter 


! Package inputenc Error: Unicode character –ª (U+043B)
(inputenc)                not set up for use with LaTeX.

See the inputenc package documentation for explanation.
Type  H <return>  for immediate help.
 ...                                              
                                                  
l.1 ... –Ω–µ–π—Ç—Ä–æ–Ω–Ω—ã–µ –º–µ—Ç–æ–¥—ã –∏—Å—Å–ª
                                                  –µ–¥–æ–≤–∞–Ω–∏—è –∫—Ä–∏—Å—...

You may provide a definition with
\DeclareUnicodeCharacter 


! Package inputenc Error: Unicode character –µ (U+0435)
(inputenc)                not set up for use with LaTeX.

See the inputenc package documentation for explanation.
Type  H <return>  for immediate help.
 ...                                              
                                                  
l.1 ...Ω–µ–π—Ç—Ä–æ–Ω–Ω—ã–µ –º–µ—Ç–æ–¥—ã –∏—Å—Å–ª–µ
                                                  –¥–æ–≤–∞–Ω–∏—è –∫—Ä–∏—Å—Ç–...

You may provide a definition with
\DeclareUnicodeCharacter 


! Package inputenc Error: Unicode character –¥ (U+0434)
(inputenc)                not set up for use with LaTeX.

See the inputenc package documentation for explanation.
Type  H <return>  for immediate help.
 ...                                              
                                                  
l.1 ...µ–π—Ç—Ä–æ–Ω–Ω—ã–µ –º–µ—Ç–æ–¥—ã –∏—Å—Å–ª–µ–¥
                                                  –æ–≤–∞–Ω–∏—è –∫—Ä–∏—Å—Ç–∞–...

You may provide a definition with
\DeclareUnicodeCharacter 


! Package inputenc Error: Unicode character –æ (U+043E)
(inputenc)                not set up for use with LaTeX.

See the inputenc package documentation for explanation.
Type  H <return>  for immediate help.
 ...                                              
                                                  
l.1 ...π—Ç—Ä–æ–Ω–Ω—ã–µ –º–µ—Ç–æ–¥—ã –∏—Å—Å–ª–µ–¥–æ
                                                  –≤–∞–Ω–∏—è –∫—Ä–∏—Å—Ç–∞–ª–...

You may provide a definition with
\DeclareUnicodeCharacter 


! Package inputenc Error: Unicode character –≤ (U+0432)
(inputenc)                not set up for use with LaTeX.

See the inputenc package documentation for explanation.
Type  H <return>  for immediate help.
 ...                                              
                                                  
l.1 ...Ç—Ä–æ–Ω–Ω—ã–µ –º–µ—Ç–æ–¥—ã –∏—Å—Å–ª–µ–¥–æ–≤
                                                  –∞–Ω–∏—è –∫—Ä–∏—Å—Ç–∞–ª–ª–...

You may provide a definition with
\DeclareUnicodeCharacter 


! Package inputenc Error: Unicode character –∞ (U+0430)
(inputenc)                not set up for use with LaTeX.

See the inputenc package documentation for explanation.
Type  H <return>  for immediate help.
 ...                                              
                                                  
l.1 ...Ä–æ–Ω–Ω—ã–µ –º–µ—Ç–æ–¥—ã –∏—Å—Å–ª–µ–¥–æ–≤–∞
                                                  –Ω–∏—è –∫—Ä–∏—Å—Ç–∞–ª–ª–∏—...

You may provide a definition with
\DeclareUnicodeCharacter 


! Package inputenc Error: Unicode character –Ω (U+043D)
(inputenc)                not set up for use with LaTeX.

See the inputenc package documentation for explanation.
Type  H <return>  for immediate help.
 ...                                              
                                                  
l.1 ...æ–Ω–Ω—ã–µ –º–µ—Ç–æ–¥—ã –∏—Å—Å–ª–µ–¥–æ–≤–∞–Ω
                                                  –∏—è –∫—Ä–∏—Å—Ç–∞–ª–ª–∏—á–...

You may provide a definition with
\DeclareUnicodeCharacter 


! Package inputenc Error: Unicode character –∏ (U+0438)
(inputenc)                not set up for use with LaTeX.

See the inputenc package documentation for explanation.
Type  H <return>  for immediate help.
 ...                                              
                                                  
l.1 ...Ω–Ω—ã–µ –º–µ—Ç–æ–¥—ã –∏—Å—Å–ª–µ–¥–æ–≤–∞–Ω–∏
                                                  —è –∫—Ä–∏—Å—Ç–∞–ª–ª–∏—á–µ—...

You may provide a definition with
\DeclareUnicodeCharacter 


! Package inputenc Error: Unicode character —è (U+044F)
(inputenc)                not set up for use with LaTeX.

See the inputenc package documentation for explanation.
Type  H <return>  for immediate help.
 ...                                              
                                                  
l.1 ...Ω—ã–µ –º–µ—Ç–æ–¥—ã –∏—Å—Å–ª–µ–¥–æ–≤–∞–Ω–∏—è
                                                   –∫—Ä–∏—Å—Ç–∞–ª–ª–∏—á–µ—Å–...

You may provide a definition with
\DeclareUnicodeCharacter 


! Package inputenc Error: Unicode character –∫ (U+043A)
(inputenc)                not set up for use with LaTeX.

See the inputenc package documentation for explanation.
Type  H <return>  for immediate help.
 ...                                              
                                                  
l.1 ...–µ –º–µ—Ç–æ–¥—ã –∏—Å—Å–ª–µ–¥–æ–≤–∞–Ω–∏—è –∫
                                                  —Ä–∏—Å—Ç–∞–ª–ª–∏—á–µ—Å–∫–∏...

You may provide a definition with
\DeclareUnicodeCharacter 


! Package inputenc Error: Unicode character —Ä (U+0440)
(inputenc)                not set up for use with LaTeX.

See the inputenc package documentation for explanation.
Type  H <return>  for immediate help.
 ...                                              
                                                  
l.1 ... –º–µ—Ç–æ–¥—ã –∏—Å—Å–ª–µ–¥–æ–≤–∞–Ω–∏—è –∫—Ä
                                                  –∏—Å—Ç–∞–ª–ª–∏—á–µ—Å–∫–∏—Ö...

You may provide a definition with
\DeclareUnicodeCharacter 


! Package inputenc Error: Unicode character –∏ (U+0438)
(inputenc)                not set up for use with LaTeX.

See the inputenc package documentation for explanation.
Type  H <return>  for immediate help.
 ...                                              
                                                  
l.1 ...º–µ—Ç–æ–¥—ã –∏—Å—Å–ª–µ–¥–æ–≤–∞–Ω–∏—è –∫—Ä–∏
                                                  —Å—Ç–∞–ª–ª–∏—á–µ—Å–∫–∏—Ö —...

You may provide a definition with
\DeclareUnicodeCharacter 


! Package inputenc Error: Unicode character —Å (U+0441)
(inputenc)                not set up for use with LaTeX.

See the inputenc package documentation for explanation.
Type  H <return>  for immediate help.
 ...                                              
                                                  
l.1 ...µ—Ç–æ–¥—ã –∏—Å—Å–ª–µ–¥–æ–≤–∞–Ω–∏—è –∫—Ä–∏—Å
                                                  —Ç–∞–ª–ª–∏—á–µ—Å–∫–∏—Ö —Å—...

You may provide a definition with
\DeclareUnicodeCharacter 


! Package inputenc Error: Unicode character —Ç (U+0442)
(inputenc)                not set up for use with LaTeX.

See the inputenc package documentation for explanation.
Type  H <return>  for immediate help.
 ...                                              
                                                  
l.1 ...Ç–æ–¥—ã –∏—Å—Å–ª–µ–¥–æ–≤–∞–Ω–∏—è –∫—Ä–∏—Å—Ç
                                                  –∞–ª–ª–∏—á–µ—Å–∫–∏—Ö —Å—Ç—...

You may provide a definition with
\DeclareUnicodeCharacter 


! Package inputenc Error: Unicode character –∞ (U+0430)
(inputenc)                not set up for use with LaTeX.

See the inputenc package documentation for explanation.
Type  H <return>  for immediate help.
 ...                                              
                                                  
l.1 ...æ–¥—ã –∏—Å—Å–ª–µ–¥–æ–≤–∞–Ω–∏—è –∫—Ä–∏—Å—Ç–∞
                                                  –ª–ª–∏—á–µ—Å–∫–∏—Ö —Å—Ç—Ä—...

You may provide a definition with
\DeclareUnicodeCharacter 


! Package inputenc Error: Unicode character –ª (U+043B)
(inputenc)                not set up for use with LaTeX.

See the inputenc package documentation for explanation.
Type  H <return>  for immediate help.
 ...                                              
                                                  
l.1 ...¥—ã –∏—Å—Å–ª–µ–¥–æ–≤–∞–Ω–∏—è –∫—Ä–∏—Å—Ç–∞–ª
                                                  –ª–∏—á–µ—Å–∫–∏—Ö —Å—Ç—Ä—É–...

You may provide a definition with
\DeclareUnicodeCharacter 


! Package inputenc Error: Unicode character –ª (U+043B)
(inputenc)                not set up for use with LaTeX.

See the inputenc package documentation for explanation.
Type  H <return>  for immediate help.
 ...                                              
                                                  
l.1 ...ã –∏—Å—Å–ª–µ–¥–æ–≤–∞–Ω–∏—è –∫—Ä–∏—Å—Ç–∞–ª–ª
                                                  –∏—á–µ—Å–∫–∏—Ö —Å—Ç—Ä—É–∫—...

You may provide a definition with
\DeclareUnicodeCharacter 


! Package inputenc Error: Unicode character –∏ (U+0438)
(inputenc)                not set up for use with LaTeX.

See the inputenc package documentation for explanation.
Type  H <return>  for immediate help.
 ...                                              
                                                  
l.1 ...–∏—Å—Å–ª–µ–¥–æ–≤–∞–Ω–∏—è –∫—Ä–∏—Å—Ç–∞–ª–ª–∏
                                                  —á–µ—Å–∫–∏—Ö —Å—Ç—Ä—É–∫—Ç—...

You may provide a definition with
\DeclareUnicodeCharacter 


! Package inputenc Error: Unicode character —á (U+0447)
(inputenc)                not set up for use with LaTeX.

See the inputenc package documentation for explanation.
Type  H <return>  for immediate help.
 ...                                              
                                                  
l.1 ...—Å—Å–ª–µ–¥–æ–≤–∞–Ω–∏—è –∫—Ä–∏—Å—Ç–∞–ª–ª–∏—á
                                                  –µ—Å–∫–∏—Ö —Å—Ç—Ä—É–∫—Ç—É—...

You may provide a definition with
\DeclareUnicodeCharacter 


! Package inputenc Error: Unicode character –µ (U+0435)
(inputenc)                not set up for use with LaTeX.

See the inputenc package documentation for explanation.
Type  H <return>  for immediate help.
 ...                                              
                                                  
l.1 ...—Å–ª–µ–¥–æ–≤–∞–Ω–∏—è –∫—Ä–∏—Å—Ç–∞–ª–ª–∏—á–µ
                                                  —Å–∫–∏—Ö —Å—Ç—Ä—É–∫—Ç—É—Ä,...

You may provide a definition with
\DeclareUnicodeCharacter 


! Package inputenc Error: Unicode character —Å (U+0441)
(inputenc)                not set up for use with LaTeX.

See the inputenc package documentation for explanation.
Type  H <return>  for immediate help.
 ...                                              
                                                  
l.1 ...–ª–µ–¥–æ–≤–∞–Ω–∏—è –∫—Ä–∏—Å—Ç–∞–ª–ª–∏—á–µ—Å
                                                  –∫–∏—Ö —Å—Ç—Ä—É–∫—Ç—É—Ä, –...

You may provide a definition with
\DeclareUnicodeCharacter 


! Package inputenc Error: Unicode character –∫ (U+043A)
(inputenc)                not set up for use with LaTeX.

See the inputenc package documentation for explanation.
Type  H <return>  for immediate help.
 ...                                              
                                                  
l.1 ...–µ–¥–æ–≤–∞–Ω–∏—è –∫—Ä–∏—Å—Ç–∞–ª–ª–∏—á–µ—Å–∫
                                                  –∏—Ö —Å—Ç—Ä—É–∫—Ç—É—Ä, –¥–...

You may provide a definition with
\DeclareUnicodeCharacter 


! Package inputenc Error: Unicode character –∏ (U+0438)
(inputenc)                not set up for use with LaTeX.

See the inputenc package documentation for explanation.
Type  H <return>  for immediate help.
 ...                                              
                                                  
l.1 ...–¥–æ–≤–∞–Ω–∏—è –∫—Ä–∏—Å—Ç–∞–ª–ª–∏—á–µ—Å–∫–∏
                                                  —Ö —Å—Ç—Ä—É–∫—Ç—É—Ä, –¥–∏—...

You may provide a definition with
\DeclareUnicodeCharacter 


! Package inputenc Error: Unicode character —Ö (U+0445)
(inputenc)                not set up for use with LaTeX.

See the inputenc package documentation for explanation.
Type  H <return>  for immediate help.
 ...                                              
                                                  
l.1 ...–æ–≤–∞–Ω–∏—è –∫—Ä–∏—Å—Ç–∞–ª–ª–∏—á–µ—Å–∫–∏—Ö
                                                   —Å—Ç—Ä—É–∫—Ç—É—Ä, –¥–∏—Ñ—...

You may provide a definition with
\DeclareUnicodeCharacter 


! Package inputenc Error: Unicode character —Å (U+0441)
(inputenc)                not set up for use with LaTeX.

See the inputenc package documentation for explanation.
Type  H <return>  for immediate help.
 ...                                              
                                                  
l.1 ...≤–∞–Ω–∏—è –∫—Ä–∏—Å—Ç–∞–ª–ª–∏—á–µ—Å–∫–∏—Ö —Å
                                                  —Ç—Ä—É–∫—Ç—É—Ä, –¥–∏—Ñ—Ä–∞...

You may provide a definition with
\DeclareUnicodeCharacter 


! Package inputenc Error: Unicode character —Ç (U+0442)
(inputenc)                not set up for use with LaTeX.

See the inputenc package documentation for explanation.
Type  H <return>  for immediate help.
 ...                                              
                                                  
l.1 ...∞–Ω–∏—è –∫—Ä–∏—Å—Ç–∞–ª–ª–∏—á–µ—Å–∫–∏—Ö —Å—Ç
                                                  —Ä—É–∫—Ç—É—Ä, –¥–∏—Ñ—Ä–∞–∫...

You may provide a definition with
\DeclareUnicodeCharacter 


! Package inputenc Error: Unicode character —Ä (U+0440)
(inputenc)                not set up for use with LaTeX.

See the inputenc package documentation for explanation.
Type  H <return>  for immediate help.
 ...                                              
                                                  
l.1 ...Ω–∏—è –∫—Ä–∏—Å—Ç–∞–ª–ª–∏—á–µ—Å–∫–∏—Ö —Å—Ç—Ä
                                                  —É–∫—Ç—É—Ä, –¥–∏—Ñ—Ä–∞–∫—Ü...

You may provide a definition with
\DeclareUnicodeCharacter 


! Package inputenc Error: Unicode character —É (U+0443)
(inputenc)                not set up for use with LaTeX.

See the inputenc package documentation for explanation.
Type  H <return>  for immediate help.
 ...                                              
                                                  
l.1 ...∏—è –∫—Ä–∏—Å—Ç–∞–ª–ª–∏—á–µ—Å–∫–∏—Ö —Å—Ç—Ä—É
                                                  –∫—Ç—É—Ä, –¥–∏—Ñ—Ä–∞–∫—Ü–∏...

You may provide a definition with
\DeclareUnicodeCharacter 


! Package inputenc Error: Unicode character –∫ (U+043A)
(inputenc)                not set up for use with LaTeX.

See the inputenc package documentation for explanation.
Type  H <return>  for immediate help.
 ...                                              
                                                  
l.1 ...è –∫—Ä–∏—Å—Ç–∞–ª–ª–∏—á–µ—Å–∫–∏—Ö —Å—Ç—Ä—É–∫
                                                  —Ç—É—Ä, –¥–∏—Ñ—Ä–∞–∫—Ü–∏—è...

You may provide a definition with
\DeclareUnicodeCharacter 


! Package inputenc Error: Unicode character —Ç (U+0442)
(inputenc)                not set up for use with LaTeX.

See the inputenc package documentation for explanation.
Type  H <return>  for immediate help.
 ...                                              
                                                  
l.1 ...–∫—Ä–∏—Å—Ç–∞–ª–ª–∏—á–µ—Å–∫–∏—Ö —Å—Ç—Ä—É–∫—Ç
                                                  —É—Ä, –¥–∏—Ñ—Ä–∞–∫—Ü–∏—è –...

You may provide a definition with
\DeclareUnicodeCharacter 


! Package inputenc Error: Unicode character —É (U+0443)
(inputenc)                not set up for use with LaTeX.

See the inputenc package documentation for explanation.
Type  H <return>  for immediate help.
 ...                                              
                                                  
l.1 ...—Ä–∏—Å—Ç–∞–ª–ª–∏—á–µ—Å–∫–∏—Ö —Å—Ç—Ä—É–∫—Ç—É
                                                  —Ä, –¥–∏—Ñ—Ä–∞–∫—Ü–∏—è –í—...

You may provide a definition with
\DeclareUnicodeCharacter 


! Package inputenc Error: Unicode character —Ä (U+0440)
(inputenc)                not set up for use with LaTeX.

See the inputenc package documentation for explanation.
Type  H <return>  for immediate help.
 ...                                              
                                                  
l.1 ...–∏—Å—Ç–∞–ª–ª–∏—á–µ—Å–∫–∏—Ö —Å—Ç—Ä—É–∫—Ç—É—Ä
                                                  , –¥–∏—Ñ—Ä–∞–∫—Ü–∏—è –í—É–...

You may provide a definition with
\DeclareUnicodeCharacter 


! LaTeX Error: Missing \begin{document}.

See the LaTeX manual or LaTeX Companion for explanation.
Type  H <return>  for immediate help.
 ...                                              
                                                  
l.1 ...∏—Å—Ç–∞–ª–ª–∏—á–µ—Å–∫–∏—Ö —Å—Ç—Ä—É–∫—Ç—É—Ä,
                                                   –¥–∏—Ñ—Ä–∞–∫—Ü–∏—è –í—É–ª...

You're in trouble here.  Try typing  <return>  to proceed.
If that doesn't work, type  X <return>  to quit.

Missing character: There is no , in font nullfont!

! Package inputenc Error: Unicode character –¥ (U+0434)
(inputenc)                not set up for use with LaTeX.

See the inputenc package documentation for explanation.
Type  H <return>  for immediate help.
 ...                                              
                                                  
l.1 ...—Ç–∞–ª–ª–∏—á–µ—Å–∫–∏—Ö —Å—Ç—Ä—É–∫—Ç—É—Ä, –¥
                                                  –∏—Ñ—Ä–∞–∫—Ü–∏—è –í—É–ª—å—...

You may provide a definition with
\DeclareUnicodeCharacter 


! Package inputenc Error: Unicode character –∏ (U+0438)
(inputenc)                not set up for use with LaTeX.

See the inputenc package documentation for explanation.
Type  H <return>  for immediate help.
 ...                                              
                                                  
l.1 ...–∞–ª–ª–∏—á–µ—Å–∫–∏—Ö —Å—Ç—Ä—É–∫—Ç—É—Ä, –¥–∏
                                                  —Ñ—Ä–∞–∫—Ü–∏—è –í—É–ª—å—Ñ–...

You may provide a definition with
\DeclareUnicodeCharacter 


! Package inputenc Error: Unicode character —Ñ (U+0444)
(inputenc)                not set up for use with LaTeX.

See the inputenc package documentation for explanation.
Type  H <return>  for immediate help.
 ...                                              
                                                  
l.1 ...–ª–ª–∏—á–µ—Å–∫–∏—Ö —Å—Ç—Ä—É–∫—Ç—É—Ä, –¥–∏—Ñ
                                                  —Ä–∞–∫—Ü–∏—è –í—É–ª—å—Ñ–∞-...

You may provide a definition with
\DeclareUnicodeCharacter 


! Package inputenc Error: Unicode character —Ä (U+0440)
(inputenc)                not set up for use with LaTeX.

See the inputenc package documentation for explanation.
Type  H <return>  for immediate help.
 ...                                              
                                                  
l.1 ...–ª–∏—á–µ—Å–∫–∏—Ö —Å—Ç—Ä—É–∫—Ç—É—Ä, –¥–∏—Ñ—Ä
                                                  –∞–∫—Ü–∏—è –í—É–ª—å—Ñ–∞-–ë...

You may provide a definition with
\DeclareUnicodeCharacter 


! Package inputenc Error: Unicode character –∞ (U+0430)
(inputenc)                not set up for use with LaTeX.

See the inputenc package documentation for explanation.
Type  H <return>  for immediate help.
 ...                                              
                                                  
l.1 ...–∏—á–µ—Å–∫–∏—Ö —Å—Ç—Ä—É–∫—Ç—É—Ä, –¥–∏—Ñ—Ä–∞
                                                  –∫—Ü–∏—è –í—É–ª—å—Ñ–∞-–ë—Ä...

You may provide a definition with
\DeclareUnicodeCharacter 


! Package inputenc Error: Unicode character –∫ (U+043A)
(inputenc)                not set up for use with LaTeX.

See the inputenc package documentation for explanation.
Type  H <return>  for immediate help.
 ...                                              
                                                  
l.1 ...—á–µ—Å–∫–∏—Ö —Å—Ç—Ä—É–∫—Ç—É—Ä, –¥–∏—Ñ—Ä–∞–∫
                                                  —Ü–∏—è –í—É–ª—å—Ñ–∞-–ë—Ä—ç...

You may provide a definition with
\DeclareUnicodeCharacter 


! Package inputenc Error: Unicode character —Ü (U+0446)
(inputenc)                not set up for use with LaTeX.

See the inputenc package documentation for explanation.
Type  H <return>  for immediate help.
 ...                                              
                                                  
l.1 ...–µ—Å–∫–∏—Ö —Å—Ç—Ä—É–∫—Ç—É—Ä, –¥–∏—Ñ—Ä–∞–∫—Ü
                                                  –∏—è –í—É–ª—å—Ñ–∞-–ë—Ä—ç–≥...

You may provide a definition with
\DeclareUnicodeCharacter 


! Package inputenc Error: Unicode character –∏ (U+0438)
(inputenc)                not set up for use with LaTeX.

See the inputenc package documentation for explanation.
Type  H <return>  for immediate help.
 ...                                              
                                                  
l.1 ...—Å–∫–∏—Ö —Å—Ç—Ä—É–∫—Ç—É—Ä, –¥–∏—Ñ—Ä–∞–∫—Ü–∏
                                                  —è –í—É–ª—å—Ñ–∞-–ë—Ä—ç–≥–≥...

You may provide a definition with
\DeclareUnicodeCharacter 


! Package inputenc Error: Unicode character —è (U+044F)
(inputenc)                not set up for use with LaTeX.

See the inputenc package documentation for explanation.
Type  H <return>  for immediate help.
 ...                                              
                                                  
l.1 ...–∫–∏—Ö —Å—Ç—Ä—É–∫—Ç—É—Ä, –¥–∏—Ñ—Ä–∞–∫—Ü–∏—è
                                                   –í—É–ª—å—Ñ–∞-–ë—Ä—ç–≥–≥–∞...

You may provide a definition with
\DeclareUnicodeCharacter 


! Package inputenc Error: Unicode character –í (U+0412)
(inputenc)                not set up for use with LaTeX.

See the inputenc package documentation for explanation.
Type  H <return>  for immediate help.
 ...                                              
                                                  
l.1 ...∏—Ö —Å—Ç—Ä—É–∫—Ç—É—Ä, –¥–∏—Ñ—Ä–∞–∫—Ü–∏—è –í
                                                  —É–ª—å—Ñ–∞-–ë—Ä—ç–≥–≥–∞, –...

You may provide a definition with
\DeclareUnicodeCharacter 


! Package inputenc Error: Unicode character —É (U+0443)
(inputenc)                not set up for use with LaTeX.

See the inputenc package documentation for explanation.
Type  H <return>  for immediate help.
 ...                                              
                                                  
l.1 ...Ö —Å—Ç—Ä—É–∫—Ç—É—Ä, –¥–∏—Ñ—Ä–∞–∫—Ü–∏—è –í—É
                                                  –ª—å—Ñ–∞-–ë—Ä—ç–≥–≥–∞, –æ–...

You may provide a definition with
\DeclareUnicodeCharacter 


! Package inputenc Error: Unicode character –ª (U+043B)
(inputenc)                not set up for use with LaTeX.

See the inputenc package documentation for explanation.
Type  H <return>  for immediate help.
 ...                                              
                                                  
l.1 ...—Å—Ç—Ä—É–∫—Ç—É—Ä, –¥–∏—Ñ—Ä–∞–∫—Ü–∏—è –í—É–ª
                                                  —å—Ñ–∞-–ë—Ä—ç–≥–≥–∞, –æ–±—...

You may provide a definition with
\DeclareUnicodeCharacter 


! Package inputenc Error: Unicode character —å (U+044C)
(inputenc)                not set up for use with LaTeX.

See the inputenc package documentation for explanation.
Type  H <return>  for immediate help.
 ...                                              
                                                  
l.1 ...—Ç—Ä—É–∫—Ç—É—Ä, –¥–∏—Ñ—Ä–∞–∫—Ü–∏—è –í—É–ª—å
                                                  —Ñ–∞-–ë—Ä—ç–≥–≥–∞, –æ–±—Ä–...

You may provide a definition with
\DeclareUnicodeCharacter 


! Package inputenc Error: Unicode character —Ñ (U+0444)
(inputenc)                not set up for use with LaTeX.

See the inputenc package documentation for explanation.
Type  H <return>  for immediate help.
 ...                                              
                                                  
l.1 ...—Ä—É–∫—Ç—É—Ä, –¥–∏—Ñ—Ä–∞–∫—Ü–∏—è –í—É–ª—å—Ñ
                                                  –∞-–ë—Ä—ç–≥–≥–∞, –æ–±—Ä–∞—...

You may provide a definition with
\DeclareUnicodeCharacter 


! Package inputenc Error: Unicode character –∞ (U+0430)
(inputenc)                not set up for use with LaTeX.

See the inputenc package documentation for explanation.
Type  H <return>  for immediate help.
 ...                                              
                                                  
l.1 ...—É–∫—Ç—É—Ä, –¥–∏—Ñ—Ä–∞–∫—Ü–∏—è –í—É–ª—å—Ñ–∞
                                                  -–ë—Ä—ç–≥–≥–∞, –æ–±—Ä–∞—Ç–...

You may provide a definition with
\DeclareUnicodeCharacter 

Missing character: There is no - in font nullfont!

! Package inputenc Error: Unicode character –ë (U+0411)
(inputenc)                not set up for use with LaTeX.

See the inputenc package documentation for explanation.
Type  H <return>  for immediate help.
 ...                                              
                                                  
l.1 ...∫—Ç—É—Ä, –¥–∏—Ñ—Ä–∞–∫—Ü–∏—è –í—É–ª—å—Ñ–∞-–ë
                                                  —Ä—ç–≥–≥–∞, –æ–±—Ä–∞—Ç–Ω–∞...

You may provide a definition with
\DeclareUnicodeCharacter 


! Package inputenc Error: Unicode character —Ä (U+0440)
(inputenc)                not set up for use with LaTeX.

See the inputenc package documentation for explanation.
Type  H <return>  for immediate help.
 ...                                              
                                                  
l.1 ...Ç—É—Ä, –¥–∏—Ñ—Ä–∞–∫—Ü–∏—è –í—É–ª—å—Ñ–∞-–ë—Ä
                                                  —ç–≥–≥–∞, –æ–±—Ä–∞—Ç–Ω–∞—è...

You may provide a definition with
\DeclareUnicodeCharacter 


! Package inputenc Error: Unicode character —ç (U+044D)
(inputenc)                not set up for use with LaTeX.

See the inputenc package documentation for explanation.
Type  H <return>  for immediate help.
 ...                                              
                                                  
l.1 ...É—Ä, –¥–∏—Ñ—Ä–∞–∫—Ü–∏—è –í—É–ª—å—Ñ–∞-–ë—Ä—ç
                                                  –≥–≥–∞, –æ–±—Ä–∞—Ç–Ω–∞—è —...

You may provide a definition with
\DeclareUnicodeCharacter 


! Package inputenc Error: Unicode character –≥ (U+0433)
(inputenc)                not set up for use with LaTeX.

See the inputenc package documentation for explanation.
Type  H <return>  for immediate help.
 ...                                              
                                                  
l.1 ...Ä, –¥–∏—Ñ—Ä–∞–∫—Ü–∏—è –í—É–ª—å—Ñ–∞-–ë—Ä—ç–≥
                                                  –≥–∞, –æ–±—Ä–∞—Ç–Ω–∞—è —Ä–...

You may provide a definition with
\DeclareUnicodeCharacter 


! Package inputenc Error: Unicode character –≥ (U+0433)
(inputenc)                not set up for use with LaTeX.

See the inputenc package documentation for explanation.
Type  H <return>  for immediate help.
 ...                                              
                                                  
l.1 ... –¥–∏—Ñ—Ä–∞–∫—Ü–∏—è –í—É–ª—å—Ñ–∞-–ë—Ä—ç–≥–≥
                                                  –∞, –æ–±—Ä–∞—Ç–Ω–∞—è —Ä–µ—...

You may provide a definition with
\DeclareUnicodeCharacter 


! Package inputenc Error: Unicode character –∞ (U+0430)
(inputenc)                not set up for use with LaTeX.

See the inputenc package documentation for explanation.
Type  H <return>  for immediate help.
 ...                                              
                                                  
l.1 ...¥–∏—Ñ—Ä–∞–∫—Ü–∏—è –í—É–ª—å—Ñ–∞-–ë—Ä—ç–≥–≥–∞
                                                  , –æ–±—Ä–∞—Ç–Ω–∞—è —Ä–µ—à—...

You may provide a definition with
\DeclareUnicodeCharacter 

Missing character: There is no , in font nullfont!

! Package inputenc Error: Unicode character –æ (U+043E)
(inputenc)                not set up for use with LaTeX.

See the inputenc package documentation for explanation.
Type  H <return>  for immediate help.
 ...                                              
                                                  
l.1 ...Ñ—Ä–∞–∫—Ü–∏—è –í—É–ª—å—Ñ–∞-–ë—Ä—ç–≥–≥–∞, –æ
                                                  –±—Ä–∞—Ç–Ω–∞—è —Ä–µ—à—ë—Ç–...

You may provide a definition with
\DeclareUnicodeCharacter 


! Package inputenc Error: Unicode character –± (U+0431)
(inputenc)                not set up for use with LaTeX.

See the inputenc package documentation for explanation.
Type  H <return>  for immediate help.
 ...                                              
                                                  
l.1 ...Ä–∞–∫—Ü–∏—è –í—É–ª—å—Ñ–∞-–ë—Ä—ç–≥–≥–∞, –æ–±
                                                  —Ä–∞—Ç–Ω–∞—è —Ä–µ—à—ë—Ç–∫–...

You may provide a definition with
\DeclareUnicodeCharacter 


! Package inputenc Error: Unicode character —Ä (U+0440)
(inputenc)                not set up for use with LaTeX.

See the inputenc package documentation for explanation.
Type  H <return>  for immediate help.
 ...                                              
                                                  
l.1 ...∞–∫—Ü–∏—è –í—É–ª—å—Ñ–∞-–ë—Ä—ç–≥–≥–∞, –æ–±—Ä
                                                  –∞—Ç–Ω–∞—è —Ä–µ—à—ë—Ç–∫–∞,...

You may provide a definition with
\DeclareUnicodeCharacter 


! Package inputenc Error: Unicode character –∞ (U+0430)
(inputenc)                not set up for use with LaTeX.

See the inputenc package documentation for explanation.
Type  H <return>  for immediate help.
 ...                                              
                                                  
l.1 ...∫—Ü–∏—è –í—É–ª—å—Ñ–∞-–ë—Ä—ç–≥–≥–∞, –æ–±—Ä–∞
                                                  —Ç–Ω–∞—è —Ä–µ—à—ë—Ç–∫–∞, –...

You may provide a definition with
\DeclareUnicodeCharacter 


! Package inputenc Error: Unicode character —Ç (U+0442)
(inputenc)                not set up for use with LaTeX.

See the inputenc package documentation for explanation.
Type  H <return>  for immediate help.
 ...                                              
                                                  
l.1 ...Ü–∏—è –í—É–ª—å—Ñ–∞-–ë—Ä—ç–≥–≥–∞, –æ–±—Ä–∞—Ç
                                                  –Ω–∞—è —Ä–µ—à—ë—Ç–∫–∞, –∑–...

You may provide a definition with
\DeclareUnicodeCharacter 


! Package inputenc Error: Unicode character –Ω (U+043D)
(inputenc)                not set up for use with LaTeX.

See the inputenc package documentation for explanation.
Type  H <return>  for immediate help.
 ...                                              
                                                  
l.1 ...∏—è –í—É–ª—å—Ñ–∞-–ë—Ä—ç–≥–≥–∞, –æ–±—Ä–∞—Ç–Ω
                                                  –∞—è —Ä–µ—à—ë—Ç–∫–∞, –∑–æ–...

You may provide a definition with
\DeclareUnicodeCharacter 


! Package inputenc Error: Unicode character –∞ (U+0430)
(inputenc)                not set up for use with LaTeX.

See the inputenc package documentation for explanation.
Type  H <return>  for immediate help.
 ...                                              
                                                  
l.1 ...è –í—É–ª—å—Ñ–∞-–ë—Ä—ç–≥–≥–∞, –æ–±—Ä–∞—Ç–Ω–∞
                                                  —è —Ä–µ—à—ë—Ç–∫–∞, –∑–æ–Ω–...

You may provide a definition with
\DeclareUnicodeCharacter 


! Package inputenc Error: Unicode character —è (U+044F)
(inputenc)                not set up for use with LaTeX.

See the inputenc package documentation for explanation.
Type  H <return>  for immediate help.
 ...                                              
                                                  
l.1 ...–í—É–ª—å—Ñ–∞-–ë—Ä—ç–≥–≥–∞, –æ–±—Ä–∞—Ç–Ω–∞—è
                                                   —Ä–µ—à—ë—Ç–∫–∞, –∑–æ–Ω–∞ ...

You may provide a definition with
\DeclareUnicodeCharacter 


! Package inputenc Error: Unicode character —Ä (U+0440)
(inputenc)                not set up for use with LaTeX.

See the inputenc package documentation for explanation.
Type  H <return>  for immediate help.
 ...                                              
                                                  
l.1 ...É–ª—å—Ñ–∞-–ë—Ä—ç–≥–≥–∞, –æ–±—Ä–∞—Ç–Ω–∞—è —Ä
                                                  –µ—à—ë—Ç–∫–∞, –∑–æ–Ω–∞ –ë—...

You may provide a definition with
\DeclareUnicodeCharacter 


! Package inputenc Error: Unicode character –µ (U+0435)
(inputenc)                not set up for use with LaTeX.

See the inputenc package documentation for explanation.
Type  H <return>  for immediate help.
 ...                                              
                                                  
l.1 ...ª—å—Ñ–∞-–ë—Ä—ç–≥–≥–∞, –æ–±—Ä–∞—Ç–Ω–∞—è —Ä–µ
                                                  —à—ë—Ç–∫–∞, –∑–æ–Ω–∞ –ë—Ä–...

You may provide a definition with
\DeclareUnicodeCharacter 


! Package inputenc Error: Unicode character —à (U+0448)
(inputenc)                not set up for use with LaTeX.

See the inputenc package documentation for explanation.
Type  H <return>  for immediate help.
 ...                                              
                                                  
l.1 ...å—Ñ–∞-–ë—Ä—ç–≥–≥–∞, –æ–±—Ä–∞—Ç–Ω–∞—è —Ä–µ—à
                                                  —ë—Ç–∫–∞, –∑–æ–Ω–∞ –ë—Ä–∏–...

You may provide a definition with
\DeclareUnicodeCharacter 


! Package inputenc Error: Unicode character —ë (U+0451)
(inputenc)                not set up for use with LaTeX.

See the inputenc package documentation for explanation.
Type  H <return>  for immediate help.
 ...                                              
                                                  
l.1 ...Ñ–∞-–ë—Ä—ç–≥–≥–∞, –æ–±—Ä–∞—Ç–Ω–∞—è —Ä–µ—à—ë
                                                  —Ç–∫–∞, –∑–æ–Ω–∞ –ë—Ä–∏–ª–...
(That makes 100 errors; please try again.) 
Here is how much of TeX's memory you used:
 38 strings out of 492895
 555 string characters out of 3133479
 57610 words of memory out of 3000000
 4053 multiletter control sequences out of 15000+200000
 3640 words of font info for 14 fonts, out of 3000000 for 9000
 1141 hyphenation exceptions out of 8191
 10i,0n,10p,275b,46s stack positions out of 5000i,500n,10000p,200000b,50000s

!  ==> Fatal error occurred, no output PDF file produced!
