This is pdfTeX, Version 3.14159265-2.6-1.40.20 (MiKTeX 2.9.7050 64-bit) (preloaded format=pdflatex 2019.7.24)  24 AUG 2019 12:44
entering extended mode
**./card1.tex
(card1.tex
LaTeX2e <2018-12-01>
! Undefined control sequence.
l.1 \section
            {Кристалл}
The control sequence at the end of the top line
of your error message was never \def'ed. If you have
misspelled it (e.g., `\hobx'), type `I' and the correct
spelling (e.g., `I\hbox'). Otherwise just continue,
and I'll forget about whatever was undefined.


! Package inputenc Error: Unicode character К (U+041A)
(inputenc)                not set up for use with LaTeX.

See the inputenc package documentation for explanation.
Type  H <return>  for immediate help.
 ...                                              
                                                  
l.1 \section{К
               ристалл}
You may provide a definition with
\DeclareUnicodeCharacter 


! Package inputenc Error: Unicode character р (U+0440)
(inputenc)                not set up for use with LaTeX.

See the inputenc package documentation for explanation.
Type  H <return>  for immediate help.
 ...                                              
                                                  
l.1 \section{Кр
                 исталл}
You may provide a definition with
\DeclareUnicodeCharacter 


! Package inputenc Error: Unicode character и (U+0438)
(inputenc)                not set up for use with LaTeX.

See the inputenc package documentation for explanation.
Type  H <return>  for immediate help.
 ...                                              
                                                  
l.1 \section{Кри
                   сталл}
You may provide a definition with
\DeclareUnicodeCharacter 


! Package inputenc Error: Unicode character с (U+0441)
(inputenc)                not set up for use with LaTeX.

See the inputenc package documentation for explanation.
Type  H <return>  for immediate help.
 ...                                              
                                                  
l.1 \section{Крис
                     талл}
You may provide a definition with
\DeclareUnicodeCharacter 


! Package inputenc Error: Unicode character т (U+0442)
(inputenc)                not set up for use with LaTeX.

See the inputenc package documentation for explanation.
Type  H <return>  for immediate help.
 ...                                              
                                                  
l.1 \section{Крист
                       алл}
You may provide a definition with
\DeclareUnicodeCharacter 


! Package inputenc Error: Unicode character а (U+0430)
(inputenc)                not set up for use with LaTeX.

See the inputenc package documentation for explanation.
Type  H <return>  for immediate help.
 ...                                              
                                                  
l.1 \section{Криста
                         лл}
You may provide a definition with
\DeclareUnicodeCharacter 


! Package inputenc Error: Unicode character л (U+043B)
(inputenc)                not set up for use with LaTeX.

See the inputenc package documentation for explanation.
Type  H <return>  for immediate help.
 ...                                              
                                                  
l.1 \section{Кристал
                           л}
You may provide a definition with
\DeclareUnicodeCharacter 


! Package inputenc Error: Unicode character л (U+043B)
(inputenc)                not set up for use with LaTeX.

See the inputenc package documentation for explanation.
Type  H <return>  for immediate help.
 ...                                              
                                                  
l.1 \section{Кристалл
                             }
You may provide a definition with
\DeclareUnicodeCharacter 

)
! Emergency stop.
<*> ./card1.tex
               
*** (job aborted, no legal \end found)

 
Here is how much of TeX's memory you used:
 14 strings out of 492895
 236 string characters out of 3133479
 57609 words of memory out of 3000000
 4030 multiletter control sequences out of 15000+200000
 3640 words of font info for 14 fonts, out of 3000000 for 9000
 1141 hyphenation exceptions out of 8191
 10i,0n,10p,46b,23s stack positions out of 5000i,500n,10000p,200000b,50000s
!  ==> Fatal error occurred, no output PDF file produced!
